2018-01-31 10:00:19,453 [qtp1150436743-21] ERROR com.wxdmi.utils.cache.CacheUtil - redis获取key：accesstoken_key异常
redis.clients.jedis.exceptions.JedisConnectionException: no reachable node in cluster
2018-01-31 10:00:20,247 [qtp1150436743-21] ERROR com.wxdmi.client.common.AccessTokenClient - /redis服务器未开启,请运维人员去服务器开启redis服务器!/
java.lang.NullPointerException: null
	at com.wxdmi.client.common.AccessTokenClient.getAccessToken(AccessTokenClient.java:36) ~[classes/:na]
	at com.wxdmi.controller.OutwardController.login(OutwardController.java:43) [classes/:na]
	at sun.reflect.NativeMethodAccessorImpl.invoke0(Native Method) ~[na:1.8.0_25]
	at sun.reflect.NativeMethodAccessorImpl.invoke(Unknown Source) ~[na:1.8.0_25]
	at sun.reflect.DelegatingMethodAccessorImpl.invoke(Unknown Source) ~[na:1.8.0_25]
	at java.lang.reflect.Method.invoke(Unknown Source) ~[na:1.8.0_25]
	at org.springframework.web.method.support.InvocableHandlerMethod.doInvoke(InvocableHandlerMethod.java:221) [spring-web-4.1.3.RELEASE.jar:4.1.3.RELEASE]
	at org.springframework.web.method.support.InvocableHandlerMethod.invokeForRequest(InvocableHandlerMethod.java:137) [spring-web-4.1.3.RELEASE.jar:4.1.3.RELEASE]
	at org.springframework.web.servlet.mvc.method.annotation.ServletInvocableHandlerMethod.invokeAndHandle(ServletInvocableHandlerMethod.java:110) [spring-webmvc-4.1.3.RELEASE.jar:4.1.3.RELEASE]
	at org.springframework.web.servlet.mvc.method.annotation.RequestMappingHandlerAdapter.invokeHandleMethod(RequestMappingHandlerAdapter.java:777) [spring-webmvc-4.1.3.RELEASE.jar:4.1.3.RELEASE]
	at org.springframework.web.servlet.mvc.method.annotation.RequestMappingHandlerAdapter.handleInternal(RequestMappingHandlerAdapter.java:706) [spring-webmvc-4.1.3.RELEASE.jar:4.1.3.RELEASE]
	at org.springframework.web.servlet.mvc.method.AbstractHandlerMethodAdapter.handle(AbstractHandlerMethodAdapter.java:85) [spring-webmvc-4.1.3.RELEASE.jar:4.1.3.RELEASE]
	at org.springframework.web.servlet.DispatcherServlet.doDispatch(DispatcherServlet.java:943) [spring-webmvc-4.1.3.RELEASE.jar:4.1.3.RELEASE]
	at org.springframework.web.servlet.DispatcherServlet.doService(DispatcherServlet.java:877) [spring-webmvc-4.1.3.RELEASE.jar:4.1.3.RELEASE]
	at org.springframework.web.servlet.FrameworkServlet.processRequest(FrameworkServlet.java:966) [spring-webmvc-4.1.3.RELEASE.jar:4.1.3.RELEASE]
	at org.springframework.web.servlet.FrameworkServlet.doGet(FrameworkServlet.java:857) [spring-webmvc-4.1.3.RELEASE.jar:4.1.3.RELEASE]
	at javax.servlet.http.HttpServlet.service(HttpServlet.java:687) [javax.servlet-api-3.1.0.jar:3.1.0]
	at org.springframework.web.servlet.FrameworkServlet.service(FrameworkServlet.java:842) [spring-webmvc-4.1.3.RELEASE.jar:4.1.3.RELEASE]
	at javax.servlet.http.HttpServlet.service(HttpServlet.java:790) [javax.servlet-api-3.1.0.jar:3.1.0]
	at org.eclipse.jetty.servlet.ServletHolder.handle(ServletHolder.java:860) [jetty-servlet-9.4.8.v20171121.jar:9.4.8.v20171121]
	at org.eclipse.jetty.servlet.ServletHandler$CachedChain.doFilter(ServletHandler.java:1650) [jetty-servlet-9.4.8.v20171121.jar:9.4.8.v20171121]
	at org.eclipse.jetty.websocket.server.WebSocketUpgradeFilter.doFilter(WebSocketUpgradeFilter.java:206) [websocket-server-9.4.8.v20171121.jar:9.4.8.v20171121]
	at org.eclipse.jetty.servlet.ServletHandler$CachedChain.doFilter(ServletHandler.java:1637) [jetty-servlet-9.4.8.v20171121.jar:9.4.8.v20171121]
	at org.springframework.web.filter.CharacterEncodingFilter.doFilterInternal(CharacterEncodingFilter.java:88) [spring-web-4.1.3.RELEASE.jar:4.1.3.RELEASE]
	at org.springframework.web.filter.OncePerRequestFilter.doFilter(OncePerRequestFilter.java:107) [spring-web-4.1.3.RELEASE.jar:4.1.3.RELEASE]
	at org.eclipse.jetty.servlet.ServletHandler$CachedChain.doFilter(ServletHandler.java:1629) [jetty-servlet-9.4.8.v20171121.jar:9.4.8.v20171121]
	at org.eclipse.jetty.servlet.ServletHandler.doHandle(ServletHandler.java:533) [jetty-servlet-9.4.8.v20171121.jar:9.4.8.v20171121]
	at org.eclipse.jetty.server.handler.ScopedHandler.handle(ScopedHandler.java:143) [jetty-server-9.4.8.v20171121.jar:9.4.8.v20171121]
	at org.eclipse.jetty.security.SecurityHandler.handle(SecurityHandler.java:548) [jetty-security-9.4.8.v20171121.jar:9.4.8.v20171121]
	at org.eclipse.jetty.server.handler.HandlerWrapper.handle(HandlerWrapper.java:132) [jetty-server-9.4.8.v20171121.jar:9.4.8.v20171121]
	at org.eclipse.jetty.server.handler.ScopedHandler.nextHandle(ScopedHandler.java:190) [jetty-server-9.4.8.v20171121.jar:9.4.8.v20171121]
	at org.eclipse.jetty.server.session.SessionHandler.doHandle(SessionHandler.java:1595) [jetty-server-9.4.8.v20171121.jar:9.4.8.v20171121]
	at org.eclipse.jetty.server.handler.ScopedHandler.nextHandle(ScopedHandler.java:188) [jetty-server-9.4.8.v20171121.jar:9.4.8.v20171121]
	at org.eclipse.jetty.server.handler.ContextHandler.doHandle(ContextHandler.java:1253) [jetty-server-9.4.8.v20171121.jar:9.4.8.v20171121]
	at org.eclipse.jetty.server.handler.ScopedHandler.nextScope(ScopedHandler.java:168) [jetty-server-9.4.8.v20171121.jar:9.4.8.v20171121]
	at org.eclipse.jetty.servlet.ServletHandler.doScope(ServletHandler.java:473) [jetty-servlet-9.4.8.v20171121.jar:9.4.8.v20171121]
	at org.eclipse.jetty.server.session.SessionHandler.doScope(SessionHandler.java:1564) [jetty-server-9.4.8.v20171121.jar:9.4.8.v20171121]
	at org.eclipse.jetty.server.handler.ScopedHandler.nextScope(ScopedHandler.java:166) [jetty-server-9.4.8.v20171121.jar:9.4.8.v20171121]
	at org.eclipse.jetty.server.handler.ContextHandler.doScope(ContextHandler.java:1155) [jetty-server-9.4.8.v20171121.jar:9.4.8.v20171121]
	at org.eclipse.jetty.server.handler.ScopedHandler.handle(ScopedHandler.java:141) [jetty-server-9.4.8.v20171121.jar:9.4.8.v20171121]
	at org.eclipse.jetty.server.handler.ContextHandlerCollection.handle(ContextHandlerCollection.java:219) [jetty-server-9.4.8.v20171121.jar:9.4.8.v20171121]
	at org.eclipse.jetty.server.handler.HandlerCollection.handle(HandlerCollection.java:126) [jetty-server-9.4.8.v20171121.jar:9.4.8.v20171121]
	at org.eclipse.jetty.server.handler.HandlerWrapper.handle(HandlerWrapper.java:132) [jetty-server-9.4.8.v20171121.jar:9.4.8.v20171121]
	at org.eclipse.jetty.server.Server.handle(Server.java:530) [jetty-server-9.4.8.v20171121.jar:9.4.8.v20171121]
	at org.eclipse.jetty.server.HttpChannel.handle(HttpChannel.java:347) [jetty-server-9.4.8.v20171121.jar:9.4.8.v20171121]
	at org.eclipse.jetty.server.HttpConnection.onFillable(HttpConnection.java:256) [jetty-server-9.4.8.v20171121.jar:9.4.8.v20171121]
	at org.eclipse.jetty.io.AbstractConnection$ReadCallback.succeeded(AbstractConnection.java:279) [jetty-io-9.4.8.v20171121.jar:9.4.8.v20171121]
	at org.eclipse.jetty.io.FillInterest.fillable(FillInterest.java:102) [jetty-io-9.4.8.v20171121.jar:9.4.8.v20171121]
	at org.eclipse.jetty.io.ChannelEndPoint$2.run(ChannelEndPoint.java:124) [jetty-io-9.4.8.v20171121.jar:9.4.8.v20171121]
	at org.eclipse.jetty.util.thread.strategy.EatWhatYouKill.doProduce(EatWhatYouKill.java:247) [jetty-util-9.4.8.v20171121.jar:9.4.8.v20171121]
	at org.eclipse.jetty.util.thread.strategy.EatWhatYouKill.produce(EatWhatYouKill.java:140) [jetty-util-9.4.8.v20171121.jar:9.4.8.v20171121]
	at org.eclipse.jetty.util.thread.strategy.EatWhatYouKill.run(EatWhatYouKill.java:131) [jetty-util-9.4.8.v20171121.jar:9.4.8.v20171121]
	at org.eclipse.jetty.util.thread.ReservedThreadExecutor$ReservedThread.run(ReservedThreadExecutor.java:382) [jetty-util-9.4.8.v20171121.jar:9.4.8.v20171121]
	at org.eclipse.jetty.util.thread.QueuedThreadPool.runJob(QueuedThreadPool.java:708) [jetty-util-9.4.8.v20171121.jar:9.4.8.v20171121]
	at org.eclipse.jetty.util.thread.QueuedThreadPool$2.run(QueuedThreadPool.java:626) [jetty-util-9.4.8.v20171121.jar:9.4.8.v20171121]
	at java.lang.Thread.run(Unknown Source) [na:1.8.0_25]
2018-01-31 11:47:13,496 [qtp260115480-20] ERROR com.wxdmi.utils.cache.CacheUtil - redis获取key：accesstoken_key异常
redis.clients.jedis.exceptions.JedisConnectionException: no reachable node in cluster
2018-01-31 11:47:13,980 [qtp260115480-20] ERROR com.wxdmi.client.common.AccessTokenClient - /redis服务器未开启,请运维人员去服务器开启redis服务器!/
java.lang.NullPointerException: null
	at com.wxdmi.client.common.AccessTokenClient.getAccessToken(AccessTokenClient.java:36) ~[classes/:na]
	at com.wxdmi.controller.OutwardController.login(OutwardController.java:43) [classes/:na]
	at sun.reflect.NativeMethodAccessorImpl.invoke0(Native Method) ~[na:1.8.0_25]
	at sun.reflect.NativeMethodAccessorImpl.invoke(Unknown Source) ~[na:1.8.0_25]
	at sun.reflect.DelegatingMethodAccessorImpl.invoke(Unknown Source) ~[na:1.8.0_25]
	at java.lang.reflect.Method.invoke(Unknown Source) ~[na:1.8.0_25]
	at org.springframework.web.method.support.InvocableHandlerMethod.doInvoke(InvocableHandlerMethod.java:221) [spring-web-4.1.3.RELEASE.jar:4.1.3.RELEASE]
	at org.springframework.web.method.support.InvocableHandlerMethod.invokeForRequest(InvocableHandlerMethod.java:137) [spring-web-4.1.3.RELEASE.jar:4.1.3.RELEASE]
	at org.springframework.web.servlet.mvc.method.annotation.ServletInvocableHandlerMethod.invokeAndHandle(ServletInvocableHandlerMethod.java:110) [spring-webmvc-4.1.3.RELEASE.jar:4.1.3.RELEASE]
	at org.springframework.web.servlet.mvc.method.annotation.RequestMappingHandlerAdapter.invokeHandleMethod(RequestMappingHandlerAdapter.java:777) [spring-webmvc-4.1.3.RELEASE.jar:4.1.3.RELEASE]
	at org.springframework.web.servlet.mvc.method.annotation.RequestMappingHandlerAdapter.handleInternal(RequestMappingHandlerAdapter.java:706) [spring-webmvc-4.1.3.RELEASE.jar:4.1.3.RELEASE]
	at org.springframework.web.servlet.mvc.method.AbstractHandlerMethodAdapter.handle(AbstractHandlerMethodAdapter.java:85) [spring-webmvc-4.1.3.RELEASE.jar:4.1.3.RELEASE]
	at org.springframework.web.servlet.DispatcherServlet.doDispatch(DispatcherServlet.java:943) [spring-webmvc-4.1.3.RELEASE.jar:4.1.3.RELEASE]
	at org.springframework.web.servlet.DispatcherServlet.doService(DispatcherServlet.java:877) [spring-webmvc-4.1.3.RELEASE.jar:4.1.3.RELEASE]
	at org.springframework.web.servlet.FrameworkServlet.processRequest(FrameworkServlet.java:966) [spring-webmvc-4.1.3.RELEASE.jar:4.1.3.RELEASE]
	at org.springframework.web.servlet.FrameworkServlet.doGet(FrameworkServlet.java:857) [spring-webmvc-4.1.3.RELEASE.jar:4.1.3.RELEASE]
	at javax.servlet.http.HttpServlet.service(HttpServlet.java:687) [javax.servlet-api-3.1.0.jar:3.1.0]
	at org.springframework.web.servlet.FrameworkServlet.service(FrameworkServlet.java:842) [spring-webmvc-4.1.3.RELEASE.jar:4.1.3.RELEASE]
	at javax.servlet.http.HttpServlet.service(HttpServlet.java:790) [javax.servlet-api-3.1.0.jar:3.1.0]
	at org.eclipse.jetty.servlet.ServletHolder.handle(ServletHolder.java:821) [jetty-servlet-9.3.6.v20151106.jar:9.3.6.v20151106]
	at org.eclipse.jetty.servlet.ServletHandler$CachedChain.doFilter(ServletHandler.java:1685) [jetty-servlet-9.3.6.v20151106.jar:9.3.6.v20151106]
	at org.springframework.web.filter.CharacterEncodingFilter.doFilterInternal(CharacterEncodingFilter.java:88) [spring-web-4.1.3.RELEASE.jar:4.1.3.RELEASE]
	at org.springframework.web.filter.OncePerRequestFilter.doFilter(OncePerRequestFilter.java:107) [spring-web-4.1.3.RELEASE.jar:4.1.3.RELEASE]
	at org.eclipse.jetty.servlet.ServletHandler$CachedChain.doFilter(ServletHandler.java:1668) [jetty-servlet-9.3.6.v20151106.jar:9.3.6.v20151106]
	at org.eclipse.jetty.servlet.ServletHandler.doHandle(ServletHandler.java:581) [jetty-servlet-9.3.6.v20151106.jar:9.3.6.v20151106]
	at org.eclipse.jetty.server.handler.ScopedHandler.handle(ScopedHandler.java:143) [jetty-server-9.3.6.v20151106.jar:9.3.6.v20151106]
	at org.eclipse.jetty.security.SecurityHandler.handle(SecurityHandler.java:548) [jetty-security-9.3.6.v20151106.jar:9.3.6.v20151106]
	at org.eclipse.jetty.server.session.SessionHandler.doHandle(SessionHandler.java:226) [jetty-server-9.3.6.v20151106.jar:9.3.6.v20151106]
	at org.eclipse.jetty.server.handler.ContextHandler.doHandle(ContextHandler.java:1158) [jetty-server-9.3.6.v20151106.jar:9.3.6.v20151106]
	at org.eclipse.jetty.servlet.ServletHandler.doScope(ServletHandler.java:511) [jetty-servlet-9.3.6.v20151106.jar:9.3.6.v20151106]
	at org.eclipse.jetty.server.session.SessionHandler.doScope(SessionHandler.java:185) [jetty-server-9.3.6.v20151106.jar:9.3.6.v20151106]
	at org.eclipse.jetty.server.handler.ContextHandler.doScope(ContextHandler.java:1090) [jetty-server-9.3.6.v20151106.jar:9.3.6.v20151106]
	at org.eclipse.jetty.server.handler.ScopedHandler.handle(ScopedHandler.java:141) [jetty-server-9.3.6.v20151106.jar:9.3.6.v20151106]
	at org.eclipse.jetty.server.handler.ContextHandlerCollection.handle(ContextHandlerCollection.java:213) [jetty-server-9.3.6.v20151106.jar:9.3.6.v20151106]
	at org.eclipse.jetty.server.handler.HandlerCollection.handle(HandlerCollection.java:109) [jetty-server-9.3.6.v20151106.jar:9.3.6.v20151106]
	at org.eclipse.jetty.server.handler.HandlerWrapper.handle(HandlerWrapper.java:119) [jetty-server-9.3.6.v20151106.jar:9.3.6.v20151106]
	at org.eclipse.jetty.server.Server.handle(Server.java:517) [jetty-server-9.3.6.v20151106.jar:9.3.6.v20151106]
	at org.eclipse.jetty.server.HttpChannel.handle(HttpChannel.java:308) [jetty-server-9.3.6.v20151106.jar:9.3.6.v20151106]
	at org.eclipse.jetty.server.HttpConnection.onFillable(HttpConnection.java:242) [jetty-server-9.3.6.v20151106.jar:9.3.6.v20151106]
	at org.eclipse.jetty.io.AbstractConnection$ReadCallback.succeeded(AbstractConnection.java:261) [jetty-io-9.3.6.v20151106.jar:9.3.6.v20151106]
	at org.eclipse.jetty.io.FillInterest.fillable(FillInterest.java:95) [jetty-io-9.3.6.v20151106.jar:9.3.6.v20151106]
	at org.eclipse.jetty.io.SelectChannelEndPoint$2.run(SelectChannelEndPoint.java:75) [jetty-io-9.3.6.v20151106.jar:9.3.6.v20151106]
	at org.eclipse.jetty.util.thread.strategy.ExecuteProduceConsume.produceAndRun(ExecuteProduceConsume.java:213) [jetty-util-9.3.6.v20151106.jar:9.3.6.v20151106]
	at org.eclipse.jetty.util.thread.strategy.ExecuteProduceConsume.run(ExecuteProduceConsume.java:147) [jetty-util-9.3.6.v20151106.jar:9.3.6.v20151106]
	at org.eclipse.jetty.util.thread.QueuedThreadPool.runJob(QueuedThreadPool.java:654) [jetty-util-9.3.6.v20151106.jar:9.3.6.v20151106]
	at org.eclipse.jetty.util.thread.QueuedThreadPool$3.run(QueuedThreadPool.java:572) [jetty-util-9.3.6.v20151106.jar:9.3.6.v20151106]
	at java.lang.Thread.run(Unknown Source) [na:1.8.0_25]
2018-01-31 12:59:10,442 [qtp367066629-20] ERROR com.wxdmi.utils.cache.CacheUtil - redis获取key：accesstoken_key异常
redis.clients.jedis.exceptions.JedisConnectionException: no reachable node in cluster
2018-01-31 12:59:10,915 [qtp367066629-20] ERROR com.wxdmi.client.common.AccessTokenClient - /redis服务器未开启,请运维人员去服务器开启redis服务器!/
java.lang.NullPointerException: null
	at com.wxdmi.client.common.AccessTokenClient.getAccessToken(AccessTokenClient.java:36) ~[classes/:na]
	at com.wxdmi.controller.OutwardController.login(OutwardController.java:43) [classes/:na]
	at sun.reflect.NativeMethodAccessorImpl.invoke0(Native Method) ~[na:1.8.0_25]
	at sun.reflect.NativeMethodAccessorImpl.invoke(Unknown Source) ~[na:1.8.0_25]
	at sun.reflect.DelegatingMethodAccessorImpl.invoke(Unknown Source) ~[na:1.8.0_25]
	at java.lang.reflect.Method.invoke(Unknown Source) ~[na:1.8.0_25]
	at org.springframework.web.method.support.InvocableHandlerMethod.doInvoke(InvocableHandlerMethod.java:221) [spring-web-4.1.3.RELEASE.jar:4.1.3.RELEASE]
	at org.springframework.web.method.support.InvocableHandlerMethod.invokeForRequest(InvocableHandlerMethod.java:137) [spring-web-4.1.3.RELEASE.jar:4.1.3.RELEASE]
	at org.springframework.web.servlet.mvc.method.annotation.ServletInvocableHandlerMethod.invokeAndHandle(ServletInvocableHandlerMethod.java:110) [spring-webmvc-4.1.3.RELEASE.jar:4.1.3.RELEASE]
	at org.springframework.web.servlet.mvc.method.annotation.RequestMappingHandlerAdapter.invokeHandleMethod(RequestMappingHandlerAdapter.java:777) [spring-webmvc-4.1.3.RELEASE.jar:4.1.3.RELEASE]
	at org.springframework.web.servlet.mvc.method.annotation.RequestMappingHandlerAdapter.handleInternal(RequestMappingHandlerAdapter.java:706) [spring-webmvc-4.1.3.RELEASE.jar:4.1.3.RELEASE]
	at org.springframework.web.servlet.mvc.method.AbstractHandlerMethodAdapter.handle(AbstractHandlerMethodAdapter.java:85) [spring-webmvc-4.1.3.RELEASE.jar:4.1.3.RELEASE]
	at org.springframework.web.servlet.DispatcherServlet.doDispatch(DispatcherServlet.java:943) [spring-webmvc-4.1.3.RELEASE.jar:4.1.3.RELEASE]
	at org.springframework.web.servlet.DispatcherServlet.doService(DispatcherServlet.java:877) [spring-webmvc-4.1.3.RELEASE.jar:4.1.3.RELEASE]
	at org.springframework.web.servlet.FrameworkServlet.processRequest(FrameworkServlet.java:966) [spring-webmvc-4.1.3.RELEASE.jar:4.1.3.RELEASE]
	at org.springframework.web.servlet.FrameworkServlet.doGet(FrameworkServlet.java:857) [spring-webmvc-4.1.3.RELEASE.jar:4.1.3.RELEASE]
	at javax.servlet.http.HttpServlet.service(HttpServlet.java:687) [javax.servlet-api-3.1.0.jar:3.1.0]
	at org.springframework.web.servlet.FrameworkServlet.service(FrameworkServlet.java:842) [spring-webmvc-4.1.3.RELEASE.jar:4.1.3.RELEASE]
	at javax.servlet.http.HttpServlet.service(HttpServlet.java:790) [javax.servlet-api-3.1.0.jar:3.1.0]
	at org.eclipse.jetty.servlet.ServletHolder.handle(ServletHolder.java:860) [jetty-servlet-9.4.8.v20171121.jar:9.4.8.v20171121]
	at org.eclipse.jetty.servlet.ServletHandler$CachedChain.doFilter(ServletHandler.java:1650) [jetty-servlet-9.4.8.v20171121.jar:9.4.8.v20171121]
	at org.eclipse.jetty.websocket.server.WebSocketUpgradeFilter.doFilter(WebSocketUpgradeFilter.java:206) [websocket-server-9.4.8.v20171121.jar:9.4.8.v20171121]
	at org.eclipse.jetty.servlet.ServletHandler$CachedChain.doFilter(ServletHandler.java:1637) [jetty-servlet-9.4.8.v20171121.jar:9.4.8.v20171121]
	at org.springframework.web.filter.CharacterEncodingFilter.doFilterInternal(CharacterEncodingFilter.java:88) [spring-web-4.1.3.RELEASE.jar:4.1.3.RELEASE]
	at org.springframework.web.filter.OncePerRequestFilter.doFilter(OncePerRequestFilter.java:107) [spring-web-4.1.3.RELEASE.jar:4.1.3.RELEASE]
	at org.eclipse.jetty.servlet.ServletHandler$CachedChain.doFilter(ServletHandler.java:1629) [jetty-servlet-9.4.8.v20171121.jar:9.4.8.v20171121]
	at org.eclipse.jetty.servlet.ServletHandler.doHandle(ServletHandler.java:533) [jetty-servlet-9.4.8.v20171121.jar:9.4.8.v20171121]
	at org.eclipse.jetty.server.handler.ScopedHandler.handle(ScopedHandler.java:143) [jetty-server-9.4.8.v20171121.jar:9.4.8.v20171121]
	at org.eclipse.jetty.security.SecurityHandler.handle(SecurityHandler.java:548) [jetty-security-9.4.8.v20171121.jar:9.4.8.v20171121]
	at org.eclipse.jetty.server.handler.HandlerWrapper.handle(HandlerWrapper.java:132) [jetty-server-9.4.8.v20171121.jar:9.4.8.v20171121]
	at org.eclipse.jetty.server.handler.ScopedHandler.nextHandle(ScopedHandler.java:190) [jetty-server-9.4.8.v20171121.jar:9.4.8.v20171121]
	at org.eclipse.jetty.server.session.SessionHandler.doHandle(SessionHandler.java:1595) [jetty-server-9.4.8.v20171121.jar:9.4.8.v20171121]
	at org.eclipse.jetty.server.handler.ScopedHandler.nextHandle(ScopedHandler.java:188) [jetty-server-9.4.8.v20171121.jar:9.4.8.v20171121]
	at org.eclipse.jetty.server.handler.ContextHandler.doHandle(ContextHandler.java:1253) [jetty-server-9.4.8.v20171121.jar:9.4.8.v20171121]
	at org.eclipse.jetty.server.handler.ScopedHandler.nextScope(ScopedHandler.java:168) [jetty-server-9.4.8.v20171121.jar:9.4.8.v20171121]
	at org.eclipse.jetty.servlet.ServletHandler.doScope(ServletHandler.java:473) [jetty-servlet-9.4.8.v20171121.jar:9.4.8.v20171121]
	at org.eclipse.jetty.server.session.SessionHandler.doScope(SessionHandler.java:1564) [jetty-server-9.4.8.v20171121.jar:9.4.8.v20171121]
	at org.eclipse.jetty.server.handler.ScopedHandler.nextScope(ScopedHandler.java:166) [jetty-server-9.4.8.v20171121.jar:9.4.8.v20171121]
	at org.eclipse.jetty.server.handler.ContextHandler.doScope(ContextHandler.java:1155) [jetty-server-9.4.8.v20171121.jar:9.4.8.v20171121]
	at org.eclipse.jetty.server.handler.ScopedHandler.handle(ScopedHandler.java:141) [jetty-server-9.4.8.v20171121.jar:9.4.8.v20171121]
	at org.eclipse.jetty.server.handler.ContextHandlerCollection.handle(ContextHandlerCollection.java:219) [jetty-server-9.4.8.v20171121.jar:9.4.8.v20171121]
	at org.eclipse.jetty.server.handler.HandlerCollection.handle(HandlerCollection.java:126) [jetty-server-9.4.8.v20171121.jar:9.4.8.v20171121]
	at org.eclipse.jetty.server.handler.HandlerWrapper.handle(HandlerWrapper.java:132) [jetty-server-9.4.8.v20171121.jar:9.4.8.v20171121]
	at org.eclipse.jetty.server.Server.handle(Server.java:530) [jetty-server-9.4.8.v20171121.jar:9.4.8.v20171121]
	at org.eclipse.jetty.server.HttpChannel.handle(HttpChannel.java:347) [jetty-server-9.4.8.v20171121.jar:9.4.8.v20171121]
	at org.eclipse.jetty.server.HttpConnection.onFillable(HttpConnection.java:256) [jetty-server-9.4.8.v20171121.jar:9.4.8.v20171121]
	at org.eclipse.jetty.io.AbstractConnection$ReadCallback.succeeded(AbstractConnection.java:279) [jetty-io-9.4.8.v20171121.jar:9.4.8.v20171121]
	at org.eclipse.jetty.io.FillInterest.fillable(FillInterest.java:102) [jetty-io-9.4.8.v20171121.jar:9.4.8.v20171121]
	at org.eclipse.jetty.io.ChannelEndPoint$2.run(ChannelEndPoint.java:124) [jetty-io-9.4.8.v20171121.jar:9.4.8.v20171121]
	at org.eclipse.jetty.util.thread.strategy.EatWhatYouKill.doProduce(EatWhatYouKill.java:247) [jetty-util-9.4.8.v20171121.jar:9.4.8.v20171121]
	at org.eclipse.jetty.util.thread.strategy.EatWhatYouKill.produce(EatWhatYouKill.java:140) [jetty-util-9.4.8.v20171121.jar:9.4.8.v20171121]
	at org.eclipse.jetty.io.ManagedSelector$$Lambda$30/2076356118.run(Unknown Source) [jetty-io-9.4.8.v20171121.jar:9.4.8.v20171121]
	at org.eclipse.jetty.util.thread.QueuedThreadPool.runJob(QueuedThreadPool.java:708) [jetty-util-9.4.8.v20171121.jar:9.4.8.v20171121]
	at org.eclipse.jetty.util.thread.QueuedThreadPool$2.run(QueuedThreadPool.java:626) [jetty-util-9.4.8.v20171121.jar:9.4.8.v20171121]
	at java.lang.Thread.run(Unknown Source) [na:1.8.0_25]
2018-01-31 13:02:15,905 [qtp1785343965-17] ERROR com.wxdmi.utils.cache.CacheUtil - redis获取key：accesstoken_key异常
redis.clients.jedis.exceptions.JedisConnectionException: no reachable node in cluster
2018-01-31 13:02:16,331 [qtp1785343965-17] ERROR com.wxdmi.client.common.AccessTokenClient - /redis服务器未开启,请运维人员去服务器开启redis服务器!/
java.lang.NullPointerException: null
	at com.wxdmi.client.common.AccessTokenClient.getAccessToken(AccessTokenClient.java:36) ~[classes/:na]
	at com.wxdmi.controller.OutwardController.login(OutwardController.java:43) [classes/:na]
	at sun.reflect.NativeMethodAccessorImpl.invoke0(Native Method) ~[na:1.8.0_25]
	at sun.reflect.NativeMethodAccessorImpl.invoke(Unknown Source) ~[na:1.8.0_25]
	at sun.reflect.DelegatingMethodAccessorImpl.invoke(Unknown Source) ~[na:1.8.0_25]
	at java.lang.reflect.Method.invoke(Unknown Source) ~[na:1.8.0_25]
	at org.springframework.web.method.support.InvocableHandlerMethod.doInvoke(InvocableHandlerMethod.java:221) [spring-web-4.1.3.RELEASE.jar:4.1.3.RELEASE]
	at org.springframework.web.method.support.InvocableHandlerMethod.invokeForRequest(InvocableHandlerMethod.java:137) [spring-web-4.1.3.RELEASE.jar:4.1.3.RELEASE]
	at org.springframework.web.servlet.mvc.method.annotation.ServletInvocableHandlerMethod.invokeAndHandle(ServletInvocableHandlerMethod.java:110) [spring-webmvc-4.1.3.RELEASE.jar:4.1.3.RELEASE]
	at org.springframework.web.servlet.mvc.method.annotation.RequestMappingHandlerAdapter.invokeHandleMethod(RequestMappingHandlerAdapter.java:777) [spring-webmvc-4.1.3.RELEASE.jar:4.1.3.RELEASE]
	at org.springframework.web.servlet.mvc.method.annotation.RequestMappingHandlerAdapter.handleInternal(RequestMappingHandlerAdapter.java:706) [spring-webmvc-4.1.3.RELEASE.jar:4.1.3.RELEASE]
	at org.springframework.web.servlet.mvc.method.AbstractHandlerMethodAdapter.handle(AbstractHandlerMethodAdapter.java:85) [spring-webmvc-4.1.3.RELEASE.jar:4.1.3.RELEASE]
	at org.springframework.web.servlet.DispatcherServlet.doDispatch(DispatcherServlet.java:943) [spring-webmvc-4.1.3.RELEASE.jar:4.1.3.RELEASE]
	at org.springframework.web.servlet.DispatcherServlet.doService(DispatcherServlet.java:877) [spring-webmvc-4.1.3.RELEASE.jar:4.1.3.RELEASE]
	at org.springframework.web.servlet.FrameworkServlet.processRequest(FrameworkServlet.java:966) [spring-webmvc-4.1.3.RELEASE.jar:4.1.3.RELEASE]
	at org.springframework.web.servlet.FrameworkServlet.doGet(FrameworkServlet.java:857) [spring-webmvc-4.1.3.RELEASE.jar:4.1.3.RELEASE]
	at javax.servlet.http.HttpServlet.service(HttpServlet.java:687) [javax.servlet-api-3.1.0.jar:3.1.0]
	at org.springframework.web.servlet.FrameworkServlet.service(FrameworkServlet.java:842) [spring-webmvc-4.1.3.RELEASE.jar:4.1.3.RELEASE]
	at javax.servlet.http.HttpServlet.service(HttpServlet.java:790) [javax.servlet-api-3.1.0.jar:3.1.0]
	at org.eclipse.jetty.servlet.ServletHolder.handle(ServletHolder.java:860) [jetty-servlet-9.4.8.v20171121.jar:9.4.8.v20171121]
	at org.eclipse.jetty.servlet.ServletHandler$CachedChain.doFilter(ServletHandler.java:1650) [jetty-servlet-9.4.8.v20171121.jar:9.4.8.v20171121]
	at org.eclipse.jetty.websocket.server.WebSocketUpgradeFilter.doFilter(WebSocketUpgradeFilter.java:206) [websocket-server-9.4.8.v20171121.jar:9.4.8.v20171121]
	at org.eclipse.jetty.servlet.ServletHandler$CachedChain.doFilter(ServletHandler.java:1637) [jetty-servlet-9.4.8.v20171121.jar:9.4.8.v20171121]
	at org.springframework.web.filter.CharacterEncodingFilter.doFilterInternal(CharacterEncodingFilter.java:88) [spring-web-4.1.3.RELEASE.jar:4.1.3.RELEASE]
	at org.springframework.web.filter.OncePerRequestFilter.doFilter(OncePerRequestFilter.java:107) [spring-web-4.1.3.RELEASE.jar:4.1.3.RELEASE]
	at org.eclipse.jetty.servlet.ServletHandler$CachedChain.doFilter(ServletHandler.java:1629) [jetty-servlet-9.4.8.v20171121.jar:9.4.8.v20171121]
	at org.eclipse.jetty.servlet.ServletHandler.doHandle(ServletHandler.java:533) [jetty-servlet-9.4.8.v20171121.jar:9.4.8.v20171121]
	at org.eclipse.jetty.server.handler.ScopedHandler.handle(ScopedHandler.java:143) [jetty-server-9.4.8.v20171121.jar:9.4.8.v20171121]
	at org.eclipse.jetty.security.SecurityHandler.handle(SecurityHandler.java:548) [jetty-security-9.4.8.v20171121.jar:9.4.8.v20171121]
	at org.eclipse.jetty.server.handler.HandlerWrapper.handle(HandlerWrapper.java:132) [jetty-server-9.4.8.v20171121.jar:9.4.8.v20171121]
	at org.eclipse.jetty.server.handler.ScopedHandler.nextHandle(ScopedHandler.java:190) [jetty-server-9.4.8.v20171121.jar:9.4.8.v20171121]
	at org.eclipse.jetty.server.session.SessionHandler.doHandle(SessionHandler.java:1595) [jetty-server-9.4.8.v20171121.jar:9.4.8.v20171121]
	at org.eclipse.jetty.server.handler.ScopedHandler.nextHandle(ScopedHandler.java:188) [jetty-server-9.4.8.v20171121.jar:9.4.8.v20171121]
	at org.eclipse.jetty.server.handler.ContextHandler.doHandle(ContextHandler.java:1253) [jetty-server-9.4.8.v20171121.jar:9.4.8.v20171121]
	at org.eclipse.jetty.server.handler.ScopedHandler.nextScope(ScopedHandler.java:168) [jetty-server-9.4.8.v20171121.jar:9.4.8.v20171121]
	at org.eclipse.jetty.servlet.ServletHandler.doScope(ServletHandler.java:473) [jetty-servlet-9.4.8.v20171121.jar:9.4.8.v20171121]
	at org.eclipse.jetty.server.session.SessionHandler.doScope(SessionHandler.java:1564) [jetty-server-9.4.8.v20171121.jar:9.4.8.v20171121]
	at org.eclipse.jetty.server.handler.ScopedHandler.nextScope(ScopedHandler.java:166) [jetty-server-9.4.8.v20171121.jar:9.4.8.v20171121]
	at org.eclipse.jetty.server.handler.ContextHandler.doScope(ContextHandler.java:1155) [jetty-server-9.4.8.v20171121.jar:9.4.8.v20171121]
	at org.eclipse.jetty.server.handler.ScopedHandler.handle(ScopedHandler.java:141) [jetty-server-9.4.8.v20171121.jar:9.4.8.v20171121]
	at org.eclipse.jetty.server.handler.ContextHandlerCollection.handle(ContextHandlerCollection.java:219) [jetty-server-9.4.8.v20171121.jar:9.4.8.v20171121]
	at org.eclipse.jetty.server.handler.HandlerCollection.handle(HandlerCollection.java:126) [jetty-server-9.4.8.v20171121.jar:9.4.8.v20171121]
	at org.eclipse.jetty.server.handler.HandlerWrapper.handle(HandlerWrapper.java:132) [jetty-server-9.4.8.v20171121.jar:9.4.8.v20171121]
	at org.eclipse.jetty.server.Server.handle(Server.java:530) [jetty-server-9.4.8.v20171121.jar:9.4.8.v20171121]
	at org.eclipse.jetty.server.HttpChannel.handle(HttpChannel.java:347) [jetty-server-9.4.8.v20171121.jar:9.4.8.v20171121]
	at org.eclipse.jetty.server.HttpConnection.onFillable(HttpConnection.java:256) [jetty-server-9.4.8.v20171121.jar:9.4.8.v20171121]
	at org.eclipse.jetty.io.AbstractConnection$ReadCallback.succeeded(AbstractConnection.java:279) [jetty-io-9.4.8.v20171121.jar:9.4.8.v20171121]
	at org.eclipse.jetty.io.FillInterest.fillable(FillInterest.java:102) [jetty-io-9.4.8.v20171121.jar:9.4.8.v20171121]
	at org.eclipse.jetty.io.ChannelEndPoint$2.run(ChannelEndPoint.java:124) [jetty-io-9.4.8.v20171121.jar:9.4.8.v20171121]
	at org.eclipse.jetty.util.thread.strategy.EatWhatYouKill.doProduce(EatWhatYouKill.java:247) [jetty-util-9.4.8.v20171121.jar:9.4.8.v20171121]
	at org.eclipse.jetty.util.thread.strategy.EatWhatYouKill.produce(EatWhatYouKill.java:140) [jetty-util-9.4.8.v20171121.jar:9.4.8.v20171121]
	at org.eclipse.jetty.io.ManagedSelector$$Lambda$30/1501477292.run(Unknown Source) [jetty-io-9.4.8.v20171121.jar:9.4.8.v20171121]
	at org.eclipse.jetty.util.thread.QueuedThreadPool.runJob(QueuedThreadPool.java:708) [jetty-util-9.4.8.v20171121.jar:9.4.8.v20171121]
	at org.eclipse.jetty.util.thread.QueuedThreadPool$2.run(QueuedThreadPool.java:626) [jetty-util-9.4.8.v20171121.jar:9.4.8.v20171121]
	at java.lang.Thread.run(Unknown Source) [na:1.8.0_25]
2018-01-31 13:18:52,408 [qtp1429207620-19] ERROR com.wxdmi.utils.cache.CacheUtil - redis获取key：accesstoken_key异常
redis.clients.jedis.exceptions.JedisConnectionException: no reachable node in cluster
2018-01-31 13:18:52,896 [qtp1429207620-19] ERROR com.wxdmi.client.common.AccessTokenClient - /redis服务器未开启,请运维人员去服务器开启redis服务器!/
java.lang.NullPointerException: null
	at com.wxdmi.client.common.AccessTokenClient.getAccessToken(AccessTokenClient.java:36) ~[classes/:na]
	at com.wxdmi.controller.OutwardController.login(OutwardController.java:43) [classes/:na]
	at sun.reflect.NativeMethodAccessorImpl.invoke0(Native Method) ~[na:1.8.0_25]
	at sun.reflect.NativeMethodAccessorImpl.invoke(Unknown Source) ~[na:1.8.0_25]
	at sun.reflect.DelegatingMethodAccessorImpl.invoke(Unknown Source) ~[na:1.8.0_25]
	at java.lang.reflect.Method.invoke(Unknown Source) ~[na:1.8.0_25]
	at org.springframework.web.method.support.InvocableHandlerMethod.doInvoke(InvocableHandlerMethod.java:221) [spring-web-4.1.3.RELEASE.jar:4.1.3.RELEASE]
	at org.springframework.web.method.support.InvocableHandlerMethod.invokeForRequest(InvocableHandlerMethod.java:137) [spring-web-4.1.3.RELEASE.jar:4.1.3.RELEASE]
	at org.springframework.web.servlet.mvc.method.annotation.ServletInvocableHandlerMethod.invokeAndHandle(ServletInvocableHandlerMethod.java:110) [spring-webmvc-4.1.3.RELEASE.jar:4.1.3.RELEASE]
	at org.springframework.web.servlet.mvc.method.annotation.RequestMappingHandlerAdapter.invokeHandleMethod(RequestMappingHandlerAdapter.java:777) [spring-webmvc-4.1.3.RELEASE.jar:4.1.3.RELEASE]
	at org.springframework.web.servlet.mvc.method.annotation.RequestMappingHandlerAdapter.handleInternal(RequestMappingHandlerAdapter.java:706) [spring-webmvc-4.1.3.RELEASE.jar:4.1.3.RELEASE]
	at org.springframework.web.servlet.mvc.method.AbstractHandlerMethodAdapter.handle(AbstractHandlerMethodAdapter.java:85) [spring-webmvc-4.1.3.RELEASE.jar:4.1.3.RELEASE]
	at org.springframework.web.servlet.DispatcherServlet.doDispatch(DispatcherServlet.java:943) [spring-webmvc-4.1.3.RELEASE.jar:4.1.3.RELEASE]
	at org.springframework.web.servlet.DispatcherServlet.doService(DispatcherServlet.java:877) [spring-webmvc-4.1.3.RELEASE.jar:4.1.3.RELEASE]
	at org.springframework.web.servlet.FrameworkServlet.processRequest(FrameworkServlet.java:966) [spring-webmvc-4.1.3.RELEASE.jar:4.1.3.RELEASE]
	at org.springframework.web.servlet.FrameworkServlet.doGet(FrameworkServlet.java:857) [spring-webmvc-4.1.3.RELEASE.jar:4.1.3.RELEASE]
	at javax.servlet.http.HttpServlet.service(HttpServlet.java:687) [javax.servlet-api-3.1.0.jar:3.1.0]
	at org.springframework.web.servlet.FrameworkServlet.service(FrameworkServlet.java:842) [spring-webmvc-4.1.3.RELEASE.jar:4.1.3.RELEASE]
	at javax.servlet.http.HttpServlet.service(HttpServlet.java:790) [javax.servlet-api-3.1.0.jar:3.1.0]
	at org.eclipse.jetty.servlet.ServletHolder.handle(ServletHolder.java:860) [jetty-servlet-9.4.8.v20171121.jar:9.4.8.v20171121]
	at org.eclipse.jetty.servlet.ServletHandler$CachedChain.doFilter(ServletHandler.java:1650) [jetty-servlet-9.4.8.v20171121.jar:9.4.8.v20171121]
	at org.eclipse.jetty.websocket.server.WebSocketUpgradeFilter.doFilter(WebSocketUpgradeFilter.java:206) [websocket-server-9.4.8.v20171121.jar:9.4.8.v20171121]
	at org.eclipse.jetty.servlet.ServletHandler$CachedChain.doFilter(ServletHandler.java:1637) [jetty-servlet-9.4.8.v20171121.jar:9.4.8.v20171121]
	at org.springframework.web.filter.CharacterEncodingFilter.doFilterInternal(CharacterEncodingFilter.java:88) [spring-web-4.1.3.RELEASE.jar:4.1.3.RELEASE]
	at org.springframework.web.filter.OncePerRequestFilter.doFilter(OncePerRequestFilter.java:107) [spring-web-4.1.3.RELEASE.jar:4.1.3.RELEASE]
	at org.eclipse.jetty.servlet.ServletHandler$CachedChain.doFilter(ServletHandler.java:1629) [jetty-servlet-9.4.8.v20171121.jar:9.4.8.v20171121]
	at org.eclipse.jetty.servlet.ServletHandler.doHandle(ServletHandler.java:533) [jetty-servlet-9.4.8.v20171121.jar:9.4.8.v20171121]
	at org.eclipse.jetty.server.handler.ScopedHandler.handle(ScopedHandler.java:143) [jetty-server-9.4.8.v20171121.jar:9.4.8.v20171121]
	at org.eclipse.jetty.security.SecurityHandler.handle(SecurityHandler.java:548) [jetty-security-9.4.8.v20171121.jar:9.4.8.v20171121]
	at org.eclipse.jetty.server.handler.HandlerWrapper.handle(HandlerWrapper.java:132) [jetty-server-9.4.8.v20171121.jar:9.4.8.v20171121]
	at org.eclipse.jetty.server.handler.ScopedHandler.nextHandle(ScopedHandler.java:190) [jetty-server-9.4.8.v20171121.jar:9.4.8.v20171121]
	at org.eclipse.jetty.server.session.SessionHandler.doHandle(SessionHandler.java:1595) [jetty-server-9.4.8.v20171121.jar:9.4.8.v20171121]
	at org.eclipse.jetty.server.handler.ScopedHandler.nextHandle(ScopedHandler.java:188) [jetty-server-9.4.8.v20171121.jar:9.4.8.v20171121]
	at org.eclipse.jetty.server.handler.ContextHandler.doHandle(ContextHandler.java:1253) [jetty-server-9.4.8.v20171121.jar:9.4.8.v20171121]
	at org.eclipse.jetty.server.handler.ScopedHandler.nextScope(ScopedHandler.java:168) [jetty-server-9.4.8.v20171121.jar:9.4.8.v20171121]
	at org.eclipse.jetty.servlet.ServletHandler.doScope(ServletHandler.java:473) [jetty-servlet-9.4.8.v20171121.jar:9.4.8.v20171121]
	at org.eclipse.jetty.server.session.SessionHandler.doScope(SessionHandler.java:1564) [jetty-server-9.4.8.v20171121.jar:9.4.8.v20171121]
	at org.eclipse.jetty.server.handler.ScopedHandler.nextScope(ScopedHandler.java:166) [jetty-server-9.4.8.v20171121.jar:9.4.8.v20171121]
	at org.eclipse.jetty.server.handler.ContextHandler.doScope(ContextHandler.java:1155) [jetty-server-9.4.8.v20171121.jar:9.4.8.v20171121]
	at org.eclipse.jetty.server.handler.ScopedHandler.handle(ScopedHandler.java:141) [jetty-server-9.4.8.v20171121.jar:9.4.8.v20171121]
	at org.eclipse.jetty.server.handler.ContextHandlerCollection.handle(ContextHandlerCollection.java:219) [jetty-server-9.4.8.v20171121.jar:9.4.8.v20171121]
	at org.eclipse.jetty.server.handler.HandlerCollection.handle(HandlerCollection.java:126) [jetty-server-9.4.8.v20171121.jar:9.4.8.v20171121]
	at org.eclipse.jetty.server.handler.HandlerWrapper.handle(HandlerWrapper.java:132) [jetty-server-9.4.8.v20171121.jar:9.4.8.v20171121]
	at org.eclipse.jetty.server.Server.handle(Server.java:530) [jetty-server-9.4.8.v20171121.jar:9.4.8.v20171121]
	at org.eclipse.jetty.server.HttpChannel.handle(HttpChannel.java:347) [jetty-server-9.4.8.v20171121.jar:9.4.8.v20171121]
	at org.eclipse.jetty.server.HttpConnection.onFillable(HttpConnection.java:256) [jetty-server-9.4.8.v20171121.jar:9.4.8.v20171121]
	at org.eclipse.jetty.io.AbstractConnection$ReadCallback.succeeded(AbstractConnection.java:279) [jetty-io-9.4.8.v20171121.jar:9.4.8.v20171121]
	at org.eclipse.jetty.io.FillInterest.fillable(FillInterest.java:102) [jetty-io-9.4.8.v20171121.jar:9.4.8.v20171121]
	at org.eclipse.jetty.io.ChannelEndPoint$2.run(ChannelEndPoint.java:124) [jetty-io-9.4.8.v20171121.jar:9.4.8.v20171121]
	at org.eclipse.jetty.util.thread.strategy.EatWhatYouKill.doProduce(EatWhatYouKill.java:247) [jetty-util-9.4.8.v20171121.jar:9.4.8.v20171121]
	at org.eclipse.jetty.util.thread.strategy.EatWhatYouKill.produce(EatWhatYouKill.java:140) [jetty-util-9.4.8.v20171121.jar:9.4.8.v20171121]
	at org.eclipse.jetty.util.thread.strategy.EatWhatYouKill.run(EatWhatYouKill.java:131) [jetty-util-9.4.8.v20171121.jar:9.4.8.v20171121]
	at org.eclipse.jetty.util.thread.ReservedThreadExecutor$ReservedThread.run(ReservedThreadExecutor.java:382) [jetty-util-9.4.8.v20171121.jar:9.4.8.v20171121]
	at org.eclipse.jetty.util.thread.QueuedThreadPool.runJob(QueuedThreadPool.java:708) [jetty-util-9.4.8.v20171121.jar:9.4.8.v20171121]
	at org.eclipse.jetty.util.thread.QueuedThreadPool$2.run(QueuedThreadPool.java:626) [jetty-util-9.4.8.v20171121.jar:9.4.8.v20171121]
	at java.lang.Thread.run(Unknown Source) [na:1.8.0_25]
2018-01-31 13:21:31,561 [qtp1429207620-19] ERROR com.wxdmi.utils.cache.CacheUtil - redis获取key：accesstoken_key异常
redis.clients.jedis.exceptions.JedisConnectionException: no reachable node in cluster
2018-01-31 13:21:31,680 [qtp1429207620-19] ERROR com.wxdmi.client.common.AccessTokenClient - /redis服务器未开启,请运维人员去服务器开启redis服务器!/
java.lang.NullPointerException: null
	at com.wxdmi.client.common.AccessTokenClient.getAccessToken(AccessTokenClient.java:36) ~[classes/:na]
	at com.wxdmi.controller.OutwardController.login(OutwardController.java:43) [classes/:na]
	at sun.reflect.NativeMethodAccessorImpl.invoke0(Native Method) ~[na:1.8.0_25]
	at sun.reflect.NativeMethodAccessorImpl.invoke(Unknown Source) ~[na:1.8.0_25]
	at sun.reflect.DelegatingMethodAccessorImpl.invoke(Unknown Source) ~[na:1.8.0_25]
	at java.lang.reflect.Method.invoke(Unknown Source) ~[na:1.8.0_25]
	at org.springframework.web.method.support.InvocableHandlerMethod.doInvoke(InvocableHandlerMethod.java:221) [spring-web-4.1.3.RELEASE.jar:4.1.3.RELEASE]
	at org.springframework.web.method.support.InvocableHandlerMethod.invokeForRequest(InvocableHandlerMethod.java:137) [spring-web-4.1.3.RELEASE.jar:4.1.3.RELEASE]
	at org.springframework.web.servlet.mvc.method.annotation.ServletInvocableHandlerMethod.invokeAndHandle(ServletInvocableHandlerMethod.java:110) [spring-webmvc-4.1.3.RELEASE.jar:4.1.3.RELEASE]
	at org.springframework.web.servlet.mvc.method.annotation.RequestMappingHandlerAdapter.invokeHandleMethod(RequestMappingHandlerAdapter.java:777) [spring-webmvc-4.1.3.RELEASE.jar:4.1.3.RELEASE]
	at org.springframework.web.servlet.mvc.method.annotation.RequestMappingHandlerAdapter.handleInternal(RequestMappingHandlerAdapter.java:706) [spring-webmvc-4.1.3.RELEASE.jar:4.1.3.RELEASE]
	at org.springframework.web.servlet.mvc.method.AbstractHandlerMethodAdapter.handle(AbstractHandlerMethodAdapter.java:85) [spring-webmvc-4.1.3.RELEASE.jar:4.1.3.RELEASE]
	at org.springframework.web.servlet.DispatcherServlet.doDispatch(DispatcherServlet.java:943) [spring-webmvc-4.1.3.RELEASE.jar:4.1.3.RELEASE]
	at org.springframework.web.servlet.DispatcherServlet.doService(DispatcherServlet.java:877) [spring-webmvc-4.1.3.RELEASE.jar:4.1.3.RELEASE]
	at org.springframework.web.servlet.FrameworkServlet.processRequest(FrameworkServlet.java:966) [spring-webmvc-4.1.3.RELEASE.jar:4.1.3.RELEASE]
	at org.springframework.web.servlet.FrameworkServlet.doGet(FrameworkServlet.java:857) [spring-webmvc-4.1.3.RELEASE.jar:4.1.3.RELEASE]
	at javax.servlet.http.HttpServlet.service(HttpServlet.java:687) [javax.servlet-api-3.1.0.jar:3.1.0]
	at org.springframework.web.servlet.FrameworkServlet.service(FrameworkServlet.java:842) [spring-webmvc-4.1.3.RELEASE.jar:4.1.3.RELEASE]
	at javax.servlet.http.HttpServlet.service(HttpServlet.java:790) [javax.servlet-api-3.1.0.jar:3.1.0]
	at org.eclipse.jetty.servlet.ServletHolder.handle(ServletHolder.java:860) [jetty-servlet-9.4.8.v20171121.jar:9.4.8.v20171121]
	at org.eclipse.jetty.servlet.ServletHandler$CachedChain.doFilter(ServletHandler.java:1650) [jetty-servlet-9.4.8.v20171121.jar:9.4.8.v20171121]
	at org.eclipse.jetty.websocket.server.WebSocketUpgradeFilter.doFilter(WebSocketUpgradeFilter.java:206) [websocket-server-9.4.8.v20171121.jar:9.4.8.v20171121]
	at org.eclipse.jetty.servlet.ServletHandler$CachedChain.doFilter(ServletHandler.java:1637) [jetty-servlet-9.4.8.v20171121.jar:9.4.8.v20171121]
	at org.springframework.web.filter.CharacterEncodingFilter.doFilterInternal(CharacterEncodingFilter.java:88) [spring-web-4.1.3.RELEASE.jar:4.1.3.RELEASE]
	at org.springframework.web.filter.OncePerRequestFilter.doFilter(OncePerRequestFilter.java:107) [spring-web-4.1.3.RELEASE.jar:4.1.3.RELEASE]
	at org.eclipse.jetty.servlet.ServletHandler$CachedChain.doFilter(ServletHandler.java:1629) [jetty-servlet-9.4.8.v20171121.jar:9.4.8.v20171121]
	at org.eclipse.jetty.servlet.ServletHandler.doHandle(ServletHandler.java:533) [jetty-servlet-9.4.8.v20171121.jar:9.4.8.v20171121]
	at org.eclipse.jetty.server.handler.ScopedHandler.handle(ScopedHandler.java:143) [jetty-server-9.4.8.v20171121.jar:9.4.8.v20171121]
	at org.eclipse.jetty.security.SecurityHandler.handle(SecurityHandler.java:548) [jetty-security-9.4.8.v20171121.jar:9.4.8.v20171121]
	at org.eclipse.jetty.server.handler.HandlerWrapper.handle(HandlerWrapper.java:132) [jetty-server-9.4.8.v20171121.jar:9.4.8.v20171121]
	at org.eclipse.jetty.server.handler.ScopedHandler.nextHandle(ScopedHandler.java:190) [jetty-server-9.4.8.v20171121.jar:9.4.8.v20171121]
	at org.eclipse.jetty.server.session.SessionHandler.doHandle(SessionHandler.java:1595) [jetty-server-9.4.8.v20171121.jar:9.4.8.v20171121]
	at org.eclipse.jetty.server.handler.ScopedHandler.nextHandle(ScopedHandler.java:188) [jetty-server-9.4.8.v20171121.jar:9.4.8.v20171121]
	at org.eclipse.jetty.server.handler.ContextHandler.doHandle(ContextHandler.java:1253) [jetty-server-9.4.8.v20171121.jar:9.4.8.v20171121]
	at org.eclipse.jetty.server.handler.ScopedHandler.nextScope(ScopedHandler.java:168) [jetty-server-9.4.8.v20171121.jar:9.4.8.v20171121]
	at org.eclipse.jetty.servlet.ServletHandler.doScope(ServletHandler.java:473) [jetty-servlet-9.4.8.v20171121.jar:9.4.8.v20171121]
	at org.eclipse.jetty.server.session.SessionHandler.doScope(SessionHandler.java:1564) [jetty-server-9.4.8.v20171121.jar:9.4.8.v20171121]
	at org.eclipse.jetty.server.handler.ScopedHandler.nextScope(ScopedHandler.java:166) [jetty-server-9.4.8.v20171121.jar:9.4.8.v20171121]
	at org.eclipse.jetty.server.handler.ContextHandler.doScope(ContextHandler.java:1155) [jetty-server-9.4.8.v20171121.jar:9.4.8.v20171121]
	at org.eclipse.jetty.server.handler.ScopedHandler.handle(ScopedHandler.java:141) [jetty-server-9.4.8.v20171121.jar:9.4.8.v20171121]
	at org.eclipse.jetty.server.handler.ContextHandlerCollection.handle(ContextHandlerCollection.java:219) [jetty-server-9.4.8.v20171121.jar:9.4.8.v20171121]
	at org.eclipse.jetty.server.handler.HandlerCollection.handle(HandlerCollection.java:126) [jetty-server-9.4.8.v20171121.jar:9.4.8.v20171121]
	at org.eclipse.jetty.server.handler.HandlerWrapper.handle(HandlerWrapper.java:132) [jetty-server-9.4.8.v20171121.jar:9.4.8.v20171121]
	at org.eclipse.jetty.server.Server.handle(Server.java:530) [jetty-server-9.4.8.v20171121.jar:9.4.8.v20171121]
	at org.eclipse.jetty.server.HttpChannel.handle(HttpChannel.java:347) [jetty-server-9.4.8.v20171121.jar:9.4.8.v20171121]
	at org.eclipse.jetty.server.HttpConnection.onFillable(HttpConnection.java:256) [jetty-server-9.4.8.v20171121.jar:9.4.8.v20171121]
	at org.eclipse.jetty.io.AbstractConnection$ReadCallback.succeeded(AbstractConnection.java:279) [jetty-io-9.4.8.v20171121.jar:9.4.8.v20171121]
	at org.eclipse.jetty.io.FillInterest.fillable(FillInterest.java:102) [jetty-io-9.4.8.v20171121.jar:9.4.8.v20171121]
	at org.eclipse.jetty.io.ChannelEndPoint$2.run(ChannelEndPoint.java:124) [jetty-io-9.4.8.v20171121.jar:9.4.8.v20171121]
	at org.eclipse.jetty.util.thread.strategy.EatWhatYouKill.doProduce(EatWhatYouKill.java:247) [jetty-util-9.4.8.v20171121.jar:9.4.8.v20171121]
	at org.eclipse.jetty.util.thread.strategy.EatWhatYouKill.produce(EatWhatYouKill.java:140) [jetty-util-9.4.8.v20171121.jar:9.4.8.v20171121]
	at org.eclipse.jetty.util.thread.strategy.EatWhatYouKill.run(EatWhatYouKill.java:131) [jetty-util-9.4.8.v20171121.jar:9.4.8.v20171121]
	at org.eclipse.jetty.util.thread.ReservedThreadExecutor$ReservedThread.run(ReservedThreadExecutor.java:382) [jetty-util-9.4.8.v20171121.jar:9.4.8.v20171121]
	at org.eclipse.jetty.util.thread.QueuedThreadPool.runJob(QueuedThreadPool.java:708) [jetty-util-9.4.8.v20171121.jar:9.4.8.v20171121]
	at org.eclipse.jetty.util.thread.QueuedThreadPool$2.run(QueuedThreadPool.java:626) [jetty-util-9.4.8.v20171121.jar:9.4.8.v20171121]
	at java.lang.Thread.run(Unknown Source) [na:1.8.0_25]
2018-01-31 13:39:18,618 [qtp1423138517-18] ERROR com.wxdmi.utils.cache.CacheUtil - redis获取key：accesstoken_key异常
redis.clients.jedis.exceptions.JedisConnectionException: no reachable node in cluster
2018-01-31 13:39:19,248 [qtp1423138517-18] ERROR com.wxdmi.client.common.AccessTokenClient - /redis服务器未开启,请运维人员去服务器开启redis服务器!/
java.lang.NullPointerException: null
	at com.wxdmi.client.common.AccessTokenClient.getAccessToken(AccessTokenClient.java:36) ~[classes/:na]
	at com.wxdmi.controller.OutwardController.login(OutwardController.java:43) [classes/:na]
	at sun.reflect.NativeMethodAccessorImpl.invoke0(Native Method) ~[na:1.8.0_25]
	at sun.reflect.NativeMethodAccessorImpl.invoke(Unknown Source) ~[na:1.8.0_25]
	at sun.reflect.DelegatingMethodAccessorImpl.invoke(Unknown Source) ~[na:1.8.0_25]
	at java.lang.reflect.Method.invoke(Unknown Source) ~[na:1.8.0_25]
	at org.springframework.web.method.support.InvocableHandlerMethod.doInvoke(InvocableHandlerMethod.java:221) [spring-web-4.1.3.RELEASE.jar:4.1.3.RELEASE]
	at org.springframework.web.method.support.InvocableHandlerMethod.invokeForRequest(InvocableHandlerMethod.java:137) [spring-web-4.1.3.RELEASE.jar:4.1.3.RELEASE]
	at org.springframework.web.servlet.mvc.method.annotation.ServletInvocableHandlerMethod.invokeAndHandle(ServletInvocableHandlerMethod.java:110) [spring-webmvc-4.1.3.RELEASE.jar:4.1.3.RELEASE]
	at org.springframework.web.servlet.mvc.method.annotation.RequestMappingHandlerAdapter.invokeHandleMethod(RequestMappingHandlerAdapter.java:777) [spring-webmvc-4.1.3.RELEASE.jar:4.1.3.RELEASE]
	at org.springframework.web.servlet.mvc.method.annotation.RequestMappingHandlerAdapter.handleInternal(RequestMappingHandlerAdapter.java:706) [spring-webmvc-4.1.3.RELEASE.jar:4.1.3.RELEASE]
	at org.springframework.web.servlet.mvc.method.AbstractHandlerMethodAdapter.handle(AbstractHandlerMethodAdapter.java:85) [spring-webmvc-4.1.3.RELEASE.jar:4.1.3.RELEASE]
	at org.springframework.web.servlet.DispatcherServlet.doDispatch(DispatcherServlet.java:943) [spring-webmvc-4.1.3.RELEASE.jar:4.1.3.RELEASE]
	at org.springframework.web.servlet.DispatcherServlet.doService(DispatcherServlet.java:877) [spring-webmvc-4.1.3.RELEASE.jar:4.1.3.RELEASE]
	at org.springframework.web.servlet.FrameworkServlet.processRequest(FrameworkServlet.java:966) [spring-webmvc-4.1.3.RELEASE.jar:4.1.3.RELEASE]
	at org.springframework.web.servlet.FrameworkServlet.doGet(FrameworkServlet.java:857) [spring-webmvc-4.1.3.RELEASE.jar:4.1.3.RELEASE]
	at javax.servlet.http.HttpServlet.service(HttpServlet.java:687) [javax.servlet-api-3.1.0.jar:3.1.0]
	at org.springframework.web.servlet.FrameworkServlet.service(FrameworkServlet.java:842) [spring-webmvc-4.1.3.RELEASE.jar:4.1.3.RELEASE]
	at javax.servlet.http.HttpServlet.service(HttpServlet.java:790) [javax.servlet-api-3.1.0.jar:3.1.0]
	at org.eclipse.jetty.servlet.ServletHolder.handle(ServletHolder.java:860) [jetty-servlet-9.4.8.v20171121.jar:9.4.8.v20171121]
	at org.eclipse.jetty.servlet.ServletHandler$CachedChain.doFilter(ServletHandler.java:1650) [jetty-servlet-9.4.8.v20171121.jar:9.4.8.v20171121]
	at org.eclipse.jetty.websocket.server.WebSocketUpgradeFilter.doFilter(WebSocketUpgradeFilter.java:206) [websocket-server-9.4.8.v20171121.jar:9.4.8.v20171121]
	at org.eclipse.jetty.servlet.ServletHandler$CachedChain.doFilter(ServletHandler.java:1637) [jetty-servlet-9.4.8.v20171121.jar:9.4.8.v20171121]
	at org.springframework.web.filter.CharacterEncodingFilter.doFilterInternal(CharacterEncodingFilter.java:88) [spring-web-4.1.3.RELEASE.jar:4.1.3.RELEASE]
	at org.springframework.web.filter.OncePerRequestFilter.doFilter(OncePerRequestFilter.java:107) [spring-web-4.1.3.RELEASE.jar:4.1.3.RELEASE]
	at org.eclipse.jetty.servlet.ServletHandler$CachedChain.doFilter(ServletHandler.java:1629) [jetty-servlet-9.4.8.v20171121.jar:9.4.8.v20171121]
	at org.eclipse.jetty.servlet.ServletHandler.doHandle(ServletHandler.java:533) [jetty-servlet-9.4.8.v20171121.jar:9.4.8.v20171121]
	at org.eclipse.jetty.server.handler.ScopedHandler.handle(ScopedHandler.java:143) [jetty-server-9.4.8.v20171121.jar:9.4.8.v20171121]
	at org.eclipse.jetty.security.SecurityHandler.handle(SecurityHandler.java:548) [jetty-security-9.4.8.v20171121.jar:9.4.8.v20171121]
	at org.eclipse.jetty.server.handler.HandlerWrapper.handle(HandlerWrapper.java:132) [jetty-server-9.4.8.v20171121.jar:9.4.8.v20171121]
	at org.eclipse.jetty.server.handler.ScopedHandler.nextHandle(ScopedHandler.java:190) [jetty-server-9.4.8.v20171121.jar:9.4.8.v20171121]
	at org.eclipse.jetty.server.session.SessionHandler.doHandle(SessionHandler.java:1595) [jetty-server-9.4.8.v20171121.jar:9.4.8.v20171121]
	at org.eclipse.jetty.server.handler.ScopedHandler.nextHandle(ScopedHandler.java:188) [jetty-server-9.4.8.v20171121.jar:9.4.8.v20171121]
	at org.eclipse.jetty.server.handler.ContextHandler.doHandle(ContextHandler.java:1253) [jetty-server-9.4.8.v20171121.jar:9.4.8.v20171121]
	at org.eclipse.jetty.server.handler.ScopedHandler.nextScope(ScopedHandler.java:168) [jetty-server-9.4.8.v20171121.jar:9.4.8.v20171121]
	at org.eclipse.jetty.servlet.ServletHandler.doScope(ServletHandler.java:473) [jetty-servlet-9.4.8.v20171121.jar:9.4.8.v20171121]
	at org.eclipse.jetty.server.session.SessionHandler.doScope(SessionHandler.java:1564) [jetty-server-9.4.8.v20171121.jar:9.4.8.v20171121]
	at org.eclipse.jetty.server.handler.ScopedHandler.nextScope(ScopedHandler.java:166) [jetty-server-9.4.8.v20171121.jar:9.4.8.v20171121]
	at org.eclipse.jetty.server.handler.ContextHandler.doScope(ContextHandler.java:1155) [jetty-server-9.4.8.v20171121.jar:9.4.8.v20171121]
	at org.eclipse.jetty.server.handler.ScopedHandler.handle(ScopedHandler.java:141) [jetty-server-9.4.8.v20171121.jar:9.4.8.v20171121]
	at org.eclipse.jetty.server.handler.ContextHandlerCollection.handle(ContextHandlerCollection.java:219) [jetty-server-9.4.8.v20171121.jar:9.4.8.v20171121]
	at org.eclipse.jetty.server.handler.HandlerCollection.handle(HandlerCollection.java:126) [jetty-server-9.4.8.v20171121.jar:9.4.8.v20171121]
	at org.eclipse.jetty.server.handler.HandlerWrapper.handle(HandlerWrapper.java:132) [jetty-server-9.4.8.v20171121.jar:9.4.8.v20171121]
	at org.eclipse.jetty.server.Server.handle(Server.java:530) [jetty-server-9.4.8.v20171121.jar:9.4.8.v20171121]
	at org.eclipse.jetty.server.HttpChannel.handle(HttpChannel.java:347) [jetty-server-9.4.8.v20171121.jar:9.4.8.v20171121]
	at org.eclipse.jetty.server.HttpConnection.onFillable(HttpConnection.java:256) [jetty-server-9.4.8.v20171121.jar:9.4.8.v20171121]
	at org.eclipse.jetty.io.AbstractConnection$ReadCallback.succeeded(AbstractConnection.java:279) [jetty-io-9.4.8.v20171121.jar:9.4.8.v20171121]
	at org.eclipse.jetty.io.FillInterest.fillable(FillInterest.java:102) [jetty-io-9.4.8.v20171121.jar:9.4.8.v20171121]
	at org.eclipse.jetty.io.ChannelEndPoint$2.run(ChannelEndPoint.java:124) [jetty-io-9.4.8.v20171121.jar:9.4.8.v20171121]
	at org.eclipse.jetty.util.thread.strategy.EatWhatYouKill.doProduce(EatWhatYouKill.java:247) [jetty-util-9.4.8.v20171121.jar:9.4.8.v20171121]
	at org.eclipse.jetty.util.thread.strategy.EatWhatYouKill.produce(EatWhatYouKill.java:140) [jetty-util-9.4.8.v20171121.jar:9.4.8.v20171121]
	at org.eclipse.jetty.util.thread.strategy.EatWhatYouKill.run(EatWhatYouKill.java:131) [jetty-util-9.4.8.v20171121.jar:9.4.8.v20171121]
	at org.eclipse.jetty.util.thread.ReservedThreadExecutor$ReservedThread.run(ReservedThreadExecutor.java:382) [jetty-util-9.4.8.v20171121.jar:9.4.8.v20171121]
	at org.eclipse.jetty.util.thread.QueuedThreadPool.runJob(QueuedThreadPool.java:708) [jetty-util-9.4.8.v20171121.jar:9.4.8.v20171121]
	at org.eclipse.jetty.util.thread.QueuedThreadPool$2.run(QueuedThreadPool.java:626) [jetty-util-9.4.8.v20171121.jar:9.4.8.v20171121]
	at java.lang.Thread.run(Unknown Source) [na:1.8.0_25]
